<?xml version="1.0" encoding="UTF-8"?>
<testsuite name="DiceTest" tests="2" skipped="0" failures="0" errors="0" timestamp="2018-04-23T10:14:39" hostname="localhost.susx.ac.uk" time="0.001">
  <properties/>
  <testcase name="roll" classname="DiceTest" time="0.0"/>
  <testcase name="getDoubleCount" classname="DiceTest" time="0.001"/>
  <system-out><![CDATA[]]></system-out>
  <system-err><![CDATA[]]></system-err>
</testsuite>
