<?xml version="1.0" encoding="UTF-8"?>
<testsuite name="PropertyGroupTest" tests="3" skipped="0" failures="0" errors="0" timestamp="2018-04-23T10:14:21" hostname="localhost.susx.ac.uk" time="0.01">
  <properties/>
  <testcase name="checkOwnedStreet" classname="PropertyGroupTest" time="0.002"/>
  <testcase name="setColour" classname="PropertyGroupTest" time="0.001"/>
  <testcase name="getColour" classname="PropertyGroupTest" time="0.001"/>
  <system-out><![CDATA[]]></system-out>
  <system-err><![CDATA[]]></system-err>
</testsuite>
