<?xml version="1.0" encoding="UTF-8"?>
<testsuite name="GroupTest" tests="2" skipped="0" failures="0" errors="0" timestamp="2018-04-23T10:14:39" hostname="localhost.susx.ac.uk" time="0.004">
  <properties/>
  <testcase name="getGroupOwners" classname="GroupTest" time="0.003"/>
  <testcase name="getAndAddGroups" classname="GroupTest" time="0.001"/>
  <system-out><![CDATA[]]></system-out>
  <system-err><![CDATA[]]></system-err>
</testsuite>
