<?xml version="1.0" encoding="UTF-8"?>
<testsuite name="CheckTestsTest" tests="1" skipped="0" failures="0" errors="0" timestamp="2018-04-22T13:49:06" hostname="localhost.susx.ac.uk" time="0.0">
  <properties/>
  <testcase name="TestChecker" classname="CheckTestsTest" time="0.0"/>
  <system-out><![CDATA[]]></system-out>
  <system-err><![CDATA[]]></system-err>
</testsuite>
