<?xml version="1.0" encoding="UTF-8"?>
<testsuite name="PlayerTest" tests="15" skipped="0" failures="0" errors="0" timestamp="2018-04-23T10:14:23" hostname="localhost.susx.ac.uk" time="0.007">
  <properties/>
  <testcase name="setPosition" classname="PlayerTest" time="0.001"/>
  <testcase name="getPosition" classname="PlayerTest" time="0.0"/>
  <testcase name="getOwnedTiles" classname="PlayerTest" time="0.0"/>
  <testcase name="getName" classname="PlayerTest" time="0.0"/>
  <testcase name="buyTile" classname="PlayerTest" time="0.0"/>
  <testcase name="setInJail" classname="PlayerTest" time="0.0"/>
  <testcase name="getInJail" classname="PlayerTest" time="0.0"/>
  <testcase name="setOwnedTiles" classname="PlayerTest" time="0.0"/>
  <testcase name="getBalance" classname="PlayerTest" time="0.001"/>
  <testcase name="sellTile" classname="PlayerTest" time="0.0"/>
  <testcase name="setPiece" classname="PlayerTest" time="0.0"/>
  <testcase name="mortgageTile" classname="PlayerTest" time="0.0"/>
  <testcase name="isBankrupt" classname="PlayerTest" time="0.0"/>
  <testcase name="getPiece" classname="PlayerTest" time="0.0"/>
  <testcase name="setName" classname="PlayerTest" time="0.0"/>
  <system-out><![CDATA[]]></system-out>
  <system-err><![CDATA[]]></system-err>
</testsuite>
