<?xml version="1.0" encoding="UTF-8"?>
<testsuite name="StationGroupTest" tests="1" skipped="0" failures="0" errors="0" timestamp="2018-04-23T10:14:39" hostname="localhost.susx.ac.uk" time="0.0">
  <properties/>
  <testcase name="checkOwnedStations" classname="StationGroupTest" time="0.0"/>
  <system-out><![CDATA[]]></system-out>
  <system-err><![CDATA[]]></system-err>
</testsuite>
