<?xml version="1.0" encoding="UTF-8"?>
<testsuite name="CheckTestsTest" tests="1" skipped="0" failures="0" errors="0" timestamp="2018-03-07T20:39:51" hostname="Peters-MacBook-Pro.local" time="0.001">
  <properties/>
  <testcase name="TestChecker" classname="CheckTestsTest" time="0.001"/>
  <system-out><![CDATA[]]></system-out>
  <system-err><![CDATA[]]></system-err>
</testsuite>
